# packages in environment at /projects/bgmp/wesg/miniforge3/envs/QAA:
#
# Name                    Version                   Build  Channel
_libgcc_mutex             0.1                 conda_forge    conda-forge
_openmp_mutex             4.5                       2_gnu    conda-forge
alsa-lib                  1.2.12               h4ab18f5_0    conda-forge
bzip2                     1.0.8                h4bc722e_7    conda-forge
ca-certificates           2024.7.4             hbcca054_0    conda-forge
cairo                     1.18.0               hebfffa5_3    conda-forge
expat                     2.6.2                h59595ed_0    conda-forge
fastqc                    0.12.1               hdfd78af_0    bioconda
font-ttf-dejavu-sans-mono 2.37                 hab24e00_0    conda-forge
font-ttf-inconsolata      3.000                h77eed37_0    conda-forge
font-ttf-source-code-pro  2.038                h77eed37_0    conda-forge
font-ttf-ubuntu           0.83                 h77eed37_2    conda-forge
fontconfig                2.14.2               h14ed4e7_0    conda-forge
fonts-conda-ecosystem     1                             0    conda-forge
fonts-conda-forge         1                             0    conda-forge
freetype                  2.12.1               h267a509_2    conda-forge
giflib                    5.2.2                hd590300_0    conda-forge
graphite2                 1.3.13            h59595ed_1003    conda-forge
harfbuzz                  9.0.0                hda332d3_1    conda-forge
icu                       75.1                 he02047a_0    conda-forge
keyutils                  1.6.1                h166bdaf_0    conda-forge
krb5                      1.21.3               h659f571_0    conda-forge
lcms2                     2.16                 hb7c19ff_0    conda-forge
lerc                      4.0.0                h27087fc_0    conda-forge
libcups                   2.3.3                h4637d8d_4    conda-forge
libdeflate                1.21                 h4bc722e_0    conda-forge
libedit                   3.1.20191231         he28a2e2_2    conda-forge
libexpat                  2.6.2                h59595ed_0    conda-forge
libffi                    3.4.2                h7f98852_5    conda-forge
libgcc-ng                 14.1.0               h77fa898_0    conda-forge
libglib                   2.80.3               h315aac3_2    conda-forge
libgomp                   14.1.0               h77fa898_0    conda-forge
libiconv                  1.17                 hd590300_2    conda-forge
libjpeg-turbo             3.0.0                hd590300_1    conda-forge
libpng                    1.6.43               h2797004_0    conda-forge
libstdcxx-ng              14.1.0               hc0a3c3a_0    conda-forge
libtiff                   4.6.0                h46a8edc_4    conda-forge
libuuid                   2.38.1               h0b41bf4_0    conda-forge
libwebp-base              1.4.0                hd590300_0    conda-forge
libxcb                    1.16                 hb9d3cd8_1    conda-forge
libxcrypt                 4.4.36               hd590300_1    conda-forge
libzlib                   1.3.1                h4ab18f5_1    conda-forge
ncurses                   6.5                  h59595ed_0    conda-forge
openjdk                   22.0.1               h8651b0f_1    conda-forge
openssl                   3.3.1                hb9d3cd8_3    conda-forge
pcre2                     10.44                hba22ea6_2    conda-forge
perl                      5.32.1          7_hd590300_perl5    conda-forge
pixman                    0.43.2               h59595ed_0    conda-forge
pthread-stubs             0.4               h36c2ea0_1001    conda-forge
xorg-fixesproto           5.0               h7f98852_1002    conda-forge
xorg-inputproto           2.3.2             h7f98852_1002    conda-forge
xorg-kbproto              1.0.7             h7f98852_1002    conda-forge
xorg-libice               1.1.1                hd590300_0    conda-forge
xorg-libsm                1.2.4                h7391055_0    conda-forge
xorg-libx11               1.8.9                hb711507_1    conda-forge
xorg-libxau               1.0.11               hd590300_0    conda-forge
xorg-libxdmcp             1.1.3                h7f98852_0    conda-forge
xorg-libxext              1.3.4                h0b41bf4_2    conda-forge
xorg-libxfixes            5.0.3             h7f98852_1004    conda-forge
xorg-libxi                1.7.10               h4bc722e_1    conda-forge
xorg-libxrender           0.9.11               hd590300_0    conda-forge
xorg-libxt                1.3.0                hd590300_1    conda-forge
xorg-libxtst              1.2.5                h4bc722e_0    conda-forge
xorg-recordproto          1.14.2            h7f98852_1002    conda-forge
xorg-renderproto          0.11.1            h7f98852_1002    conda-forge
xorg-xextproto            7.3.0             h0b41bf4_1003    conda-forge
xorg-xproto               7.0.31            h7f98852_1007    conda-forge
xz                        5.2.6                h166bdaf_0    conda-forge
zlib                      1.3.1                h4ab18f5_1    conda-forge
zstd                      1.5.6                ha6fb4c9_0    conda-forge
application/gzip
Started analysis of 27_4C_mbnl_S19_L008_R1_001.fastq.gz
Approx 5% complete for 27_4C_mbnl_S19_L008_R1_001.fastq.gz
Approx 10% complete for 27_4C_mbnl_S19_L008_R1_001.fastq.gz
Approx 15% complete for 27_4C_mbnl_S19_L008_R1_001.fastq.gz
Approx 20% complete for 27_4C_mbnl_S19_L008_R1_001.fastq.gz
Approx 25% complete for 27_4C_mbnl_S19_L008_R1_001.fastq.gz
Approx 30% complete for 27_4C_mbnl_S19_L008_R1_001.fastq.gz
Approx 35% complete for 27_4C_mbnl_S19_L008_R1_001.fastq.gz
Approx 40% complete for 27_4C_mbnl_S19_L008_R1_001.fastq.gz
Approx 45% complete for 27_4C_mbnl_S19_L008_R1_001.fastq.gz
Approx 50% complete for 27_4C_mbnl_S19_L008_R1_001.fastq.gz
Approx 55% complete for 27_4C_mbnl_S19_L008_R1_001.fastq.gz
Approx 60% complete for 27_4C_mbnl_S19_L008_R1_001.fastq.gz
Approx 65% complete for 27_4C_mbnl_S19_L008_R1_001.fastq.gz
Approx 70% complete for 27_4C_mbnl_S19_L008_R1_001.fastq.gz
Approx 75% complete for 27_4C_mbnl_S19_L008_R1_001.fastq.gz
Approx 80% complete for 27_4C_mbnl_S19_L008_R1_001.fastq.gz
Approx 85% complete for 27_4C_mbnl_S19_L008_R1_001.fastq.gz
Approx 90% complete for 27_4C_mbnl_S19_L008_R1_001.fastq.gz
Approx 95% complete for 27_4C_mbnl_S19_L008_R1_001.fastq.gz
Analysis complete for 27_4C_mbnl_S19_L008_R1_001.fastq.gz
	Command being timed: "fastqc -o /projects/bgmp/wesg/bioinfo/Bi623/QAA/fqcout_raw --noextract -f fastq 27_4C_mbnl_S19_L008_R1_001.fastq.gz"
	User time (seconds): 28.97
	System time (seconds): 1.40
	Percent of CPU this job got: 96%
	Elapsed (wall clock) time (h:mm:ss or m:ss): 0:31.36
	Average shared text size (kbytes): 0
	Average unshared data size (kbytes): 0
	Average stack size (kbytes): 0
	Average total size (kbytes): 0
	Maximum resident set size (kbytes): 370344
	Average resident set size (kbytes): 0
	Major (requiring I/O) page faults: 0
	Minor (reclaiming a frame) page faults: 52463
	Voluntary context switches: 7308
	Involuntary context switches: 206
	Swaps: 0
	File system inputs: 0
	File system outputs: 2352
	Socket messages sent: 0
	Socket messages received: 0
	Signals delivered: 0
	Page size (bytes): 4096
	Exit status: 0
application/gzip
Started analysis of 27_4C_mbnl_S19_L008_R2_001.fastq.gz
Approx 5% complete for 27_4C_mbnl_S19_L008_R2_001.fastq.gz
Approx 10% complete for 27_4C_mbnl_S19_L008_R2_001.fastq.gz
Approx 15% complete for 27_4C_mbnl_S19_L008_R2_001.fastq.gz
Approx 20% complete for 27_4C_mbnl_S19_L008_R2_001.fastq.gz
Approx 25% complete for 27_4C_mbnl_S19_L008_R2_001.fastq.gz
Approx 30% complete for 27_4C_mbnl_S19_L008_R2_001.fastq.gz
Approx 35% complete for 27_4C_mbnl_S19_L008_R2_001.fastq.gz
Approx 40% complete for 27_4C_mbnl_S19_L008_R2_001.fastq.gz
Approx 45% complete for 27_4C_mbnl_S19_L008_R2_001.fastq.gz
Approx 50% complete for 27_4C_mbnl_S19_L008_R2_001.fastq.gz
Approx 55% complete for 27_4C_mbnl_S19_L008_R2_001.fastq.gz
Approx 60% complete for 27_4C_mbnl_S19_L008_R2_001.fastq.gz
Approx 65% complete for 27_4C_mbnl_S19_L008_R2_001.fastq.gz
Approx 70% complete for 27_4C_mbnl_S19_L008_R2_001.fastq.gz
Approx 75% complete for 27_4C_mbnl_S19_L008_R2_001.fastq.gz
Approx 80% complete for 27_4C_mbnl_S19_L008_R2_001.fastq.gz
Approx 85% complete for 27_4C_mbnl_S19_L008_R2_001.fastq.gz
Approx 90% complete for 27_4C_mbnl_S19_L008_R2_001.fastq.gz
Approx 95% complete for 27_4C_mbnl_S19_L008_R2_001.fastq.gz
Analysis complete for 27_4C_mbnl_S19_L008_R2_001.fastq.gz
	Command being timed: "fastqc -o /projects/bgmp/wesg/bioinfo/Bi623/QAA/fqcout_raw --noextract -f fastq 27_4C_mbnl_S19_L008_R2_001.fastq.gz"
	User time (seconds): 30.04
	System time (seconds): 1.45
	Percent of CPU this job got: 104%
	Elapsed (wall clock) time (h:mm:ss or m:ss): 0:30.18
	Average shared text size (kbytes): 0
	Average unshared data size (kbytes): 0
	Average stack size (kbytes): 0
	Average total size (kbytes): 0
	Maximum resident set size (kbytes): 367432
	Average resident set size (kbytes): 0
	Major (requiring I/O) page faults: 0
	Minor (reclaiming a frame) page faults: 55099
	Voluntary context switches: 6378
	Involuntary context switches: 176
	Swaps: 0
	File system inputs: 0
	File system outputs: 2352
	Socket messages sent: 0
	Socket messages received: 0
	Signals delivered: 0
	Page size (bytes): 4096
	Exit status: 0
application/gzip
Started analysis of 32_4G_both_S23_L008_R1_001.fastq.gz
Approx 5% complete for 32_4G_both_S23_L008_R1_001.fastq.gz
Approx 10% complete for 32_4G_both_S23_L008_R1_001.fastq.gz
Approx 15% complete for 32_4G_both_S23_L008_R1_001.fastq.gz
Approx 20% complete for 32_4G_both_S23_L008_R1_001.fastq.gz
Approx 25% complete for 32_4G_both_S23_L008_R1_001.fastq.gz
Approx 30% complete for 32_4G_both_S23_L008_R1_001.fastq.gz
Approx 35% complete for 32_4G_both_S23_L008_R1_001.fastq.gz
Approx 40% complete for 32_4G_both_S23_L008_R1_001.fastq.gz
Approx 45% complete for 32_4G_both_S23_L008_R1_001.fastq.gz
Approx 50% complete for 32_4G_both_S23_L008_R1_001.fastq.gz
Approx 55% complete for 32_4G_both_S23_L008_R1_001.fastq.gz
Approx 60% complete for 32_4G_both_S23_L008_R1_001.fastq.gz
Approx 65% complete for 32_4G_both_S23_L008_R1_001.fastq.gz
Approx 70% complete for 32_4G_both_S23_L008_R1_001.fastq.gz
Approx 75% complete for 32_4G_both_S23_L008_R1_001.fastq.gz
Approx 80% complete for 32_4G_both_S23_L008_R1_001.fastq.gz
Approx 85% complete for 32_4G_both_S23_L008_R1_001.fastq.gz
Approx 90% complete for 32_4G_both_S23_L008_R1_001.fastq.gz
Approx 95% complete for 32_4G_both_S23_L008_R1_001.fastq.gz
Analysis complete for 32_4G_both_S23_L008_R1_001.fastq.gz
	Command being timed: "fastqc -o /projects/bgmp/wesg/bioinfo/Bi623/QAA/fqcout_raw --noextract -f fastq 32_4G_both_S23_L008_R1_001.fastq.gz"
	User time (seconds): 45.37
	System time (seconds): 2.10
	Percent of CPU this job got: 102%
	Elapsed (wall clock) time (h:mm:ss or m:ss): 0:46.33
	Average shared text size (kbytes): 0
	Average unshared data size (kbytes): 0
	Average stack size (kbytes): 0
	Average total size (kbytes): 0
	Maximum resident set size (kbytes): 345816
	Average resident set size (kbytes): 0
	Major (requiring I/O) page faults: 0
	Minor (reclaiming a frame) page faults: 48567
	Voluntary context switches: 9132
	Involuntary context switches: 213
	Swaps: 0
	File system inputs: 0
	File system outputs: 2448
	Socket messages sent: 0
	Socket messages received: 0
	Signals delivered: 0
	Page size (bytes): 4096
	Exit status: 0
application/gzip
Started analysis of 32_4G_both_S23_L008_R2_001.fastq.gz
Approx 5% complete for 32_4G_both_S23_L008_R2_001.fastq.gz
Approx 10% complete for 32_4G_both_S23_L008_R2_001.fastq.gz
Approx 15% complete for 32_4G_both_S23_L008_R2_001.fastq.gz
Approx 20% complete for 32_4G_both_S23_L008_R2_001.fastq.gz
Approx 25% complete for 32_4G_both_S23_L008_R2_001.fastq.gz
Approx 30% complete for 32_4G_both_S23_L008_R2_001.fastq.gz
Approx 35% complete for 32_4G_both_S23_L008_R2_001.fastq.gz
Approx 40% complete for 32_4G_both_S23_L008_R2_001.fastq.gz
Approx 45% complete for 32_4G_both_S23_L008_R2_001.fastq.gz
Approx 50% complete for 32_4G_both_S23_L008_R2_001.fastq.gz
Approx 55% complete for 32_4G_both_S23_L008_R2_001.fastq.gz
Approx 60% complete for 32_4G_both_S23_L008_R2_001.fastq.gz
Approx 65% complete for 32_4G_both_S23_L008_R2_001.fastq.gz
Approx 70% complete for 32_4G_both_S23_L008_R2_001.fastq.gz
Approx 75% complete for 32_4G_both_S23_L008_R2_001.fastq.gz
Approx 80% complete for 32_4G_both_S23_L008_R2_001.fastq.gz
Approx 85% complete for 32_4G_both_S23_L008_R2_001.fastq.gz
Approx 90% complete for 32_4G_both_S23_L008_R2_001.fastq.gz
Approx 95% complete for 32_4G_both_S23_L008_R2_001.fastq.gz
Analysis complete for 32_4G_both_S23_L008_R2_001.fastq.gz
	Command being timed: "fastqc -o /projects/bgmp/wesg/bioinfo/Bi623/QAA/fqcout_raw --noextract -f fastq 32_4G_both_S23_L008_R2_001.fastq.gz"
	User time (seconds): 45.47
	System time (seconds): 2.21
	Percent of CPU this job got: 103%
	Elapsed (wall clock) time (h:mm:ss or m:ss): 0:46.21
	Average shared text size (kbytes): 0
	Average unshared data size (kbytes): 0
	Average stack size (kbytes): 0
	Average total size (kbytes): 0
	Maximum resident set size (kbytes): 349428
	Average resident set size (kbytes): 0
	Major (requiring I/O) page faults: 0
	Minor (reclaiming a frame) page faults: 40836
	Voluntary context switches: 8668
	Involuntary context switches: 256
	Swaps: 0
	File system inputs: 0
	File system outputs: 2416
	Socket messages sent: 0
	Socket messages received: 0
	Signals delivered: 0
	Page size (bytes): 4096
	Exit status: 0
# packages in environment at /projects/bgmp/wesg/miniforge3/envs/bgmp_py.mplib:
#
# Name                    Version                   Build  Channel
_libgcc_mutex             0.1                 conda_forge    conda-forge
_openmp_mutex             4.5                       2_gnu    conda-forge
alsa-lib                  1.2.12               h4ab18f5_0    conda-forge
attr                      2.5.1                h166bdaf_1    conda-forge
brotli                    1.1.0                hd590300_1    conda-forge
brotli-bin                1.1.0                hd590300_1    conda-forge
bzip2                     1.0.8                hd590300_5    conda-forge
ca-certificates           2024.7.4             hbcca054_0    conda-forge
cairo                     1.18.0               hbb29018_2    conda-forge
certifi                   2024.7.4           pyhd8ed1ab_0    conda-forge
contourpy                 1.2.1           py312h8572e83_0    conda-forge
cycler                    0.12.1             pyhd8ed1ab_0    conda-forge
dbus                      1.13.6               h5008d03_3    conda-forge
expat                     2.6.2                h59595ed_0    conda-forge
font-ttf-dejavu-sans-mono 2.37                 hab24e00_0    conda-forge
font-ttf-inconsolata      3.000                h77eed37_0    conda-forge
font-ttf-source-code-pro  2.038                h77eed37_0    conda-forge
font-ttf-ubuntu           0.83                 h77eed37_2    conda-forge
fontconfig                2.14.2               h14ed4e7_0    conda-forge
fonts-conda-ecosystem     1                             0    conda-forge
fonts-conda-forge         1                             0    conda-forge
fonttools                 4.53.1          py312h41a817b_0    conda-forge
freetype                  2.12.1               h267a509_2    conda-forge
gettext                   0.22.5               h59595ed_2    conda-forge
gettext-tools             0.22.5               h59595ed_2    conda-forge
glib                      2.80.3               h8a4344b_1    conda-forge
glib-tools                2.80.3               h73ef956_1    conda-forge
graphite2                 1.3.13            h59595ed_1003    conda-forge
gst-plugins-base          1.24.5               hbaaba92_0    conda-forge
gstreamer                 1.24.5               haf2f30d_0    conda-forge
harfbuzz                  9.0.0                hfac3d4d_0    conda-forge
icu                       73.2                 h59595ed_0    conda-forge
keyutils                  1.6.1                h166bdaf_0    conda-forge
kiwisolver                1.4.5           py312h8572e83_1    conda-forge
krb5                      1.21.3               h659f571_0    conda-forge
lame                      3.100             h166bdaf_1003    conda-forge
lcms2                     2.16                 hb7c19ff_0    conda-forge
ld_impl_linux-64          2.40                 hf3520f5_7    conda-forge
lerc                      4.0.0                h27087fc_0    conda-forge
libasprintf               0.22.5               h661eb56_2    conda-forge
libasprintf-devel         0.22.5               h661eb56_2    conda-forge
libblas                   3.9.0           23_linux64_openblas    conda-forge
libbrotlicommon           1.1.0                hd590300_1    conda-forge
libbrotlidec              1.1.0                hd590300_1    conda-forge
libbrotlienc              1.1.0                hd590300_1    conda-forge
libcap                    2.69                 h0f662aa_0    conda-forge
libcblas                  3.9.0           23_linux64_openblas    conda-forge
libclang-cpp15            15.0.7          default_h127d8a8_5    conda-forge
libclang13                18.1.8          default_h9def88c_1    conda-forge
libcups                   2.3.3                h4637d8d_4    conda-forge
libdeflate                1.20                 hd590300_0    conda-forge
libedit                   3.1.20191231         he28a2e2_2    conda-forge
libevent                  2.1.12               hf998b51_1    conda-forge
libexpat                  2.6.2                h59595ed_0    conda-forge
libffi                    3.4.2                h7f98852_5    conda-forge
libflac                   1.4.3                h59595ed_0    conda-forge
libgcc-ng                 14.1.0               h77fa898_0    conda-forge
libgcrypt                 1.11.0               h4ab18f5_1    conda-forge
libgettextpo              0.22.5               h59595ed_2    conda-forge
libgettextpo-devel        0.22.5               h59595ed_2    conda-forge
libgfortran-ng            14.1.0               h69a702a_0    conda-forge
libgfortran5              14.1.0               hc5f4f2c_0    conda-forge
libglib                   2.80.3               h8a4344b_1    conda-forge
libgomp                   14.1.0               h77fa898_0    conda-forge
libgpg-error              1.50                 h4f305b6_0    conda-forge
libiconv                  1.17                 hd590300_2    conda-forge
libjpeg-turbo             3.0.0                hd590300_1    conda-forge
liblapack                 3.9.0           23_linux64_openblas    conda-forge
libllvm15                 15.0.7               hb3ce162_4    conda-forge
libllvm18                 18.1.8               h8b73ec9_1    conda-forge
libnsl                    2.0.1                hd590300_0    conda-forge
libogg                    1.3.5                h4ab18f5_0    conda-forge
libopenblas               0.3.27          pthreads_hac2b453_1    conda-forge
libopus                   1.3.1                h7f98852_1    conda-forge
libpng                    1.6.43               h2797004_0    conda-forge
libpq                     16.3                 ha72fbe1_0    conda-forge
libsndfile                1.2.2                hc60ed4a_1    conda-forge
libsqlite                 3.46.0               hde9e2c9_0    conda-forge
libstdcxx-ng              14.1.0               hc0a3c3a_0    conda-forge
libsystemd0               255                  h3516f8a_1    conda-forge
libtiff                   4.6.0                h1dd3fc0_3    conda-forge
libuuid                   2.38.1               h0b41bf4_0    conda-forge
libvorbis                 1.3.7                h9c3ff4c_0    conda-forge
libwebp-base              1.4.0                hd590300_0    conda-forge
libxcb                    1.16                 hd590300_0    conda-forge
libxcrypt                 4.4.36               hd590300_1    conda-forge
libxkbcommon              1.7.0                h2c5496b_1    conda-forge
libxml2                   2.12.7               h4c95cb1_3    conda-forge
libzlib                   1.3.1                h4ab18f5_1    conda-forge
lz4-c                     1.9.4                hcb278e6_0    conda-forge
matplotlib                3.9.1           py312h7900ff3_0    conda-forge
matplotlib-base           3.9.1           py312h9201f00_0    conda-forge
mpg123                    1.32.6               h59595ed_0    conda-forge
munkres                   1.1.4              pyh9f0ad1d_0    conda-forge
mysql-common              8.3.0                h70512c7_5    conda-forge
mysql-libs                8.3.0                ha479ceb_5    conda-forge
ncurses                   6.5                  h59595ed_0    conda-forge
nspr                      4.35                 h27087fc_0    conda-forge
nss                       3.102                h593d115_0    conda-forge
numpy                     2.0.1           py312h1103770_0    conda-forge
openjpeg                  2.5.2                h488ebb8_0    conda-forge
openssl                   3.3.1                h4bc722e_2    conda-forge
packaging                 24.1               pyhd8ed1ab_0    conda-forge
pcre2                     10.44                h0f59acf_0    conda-forge
pillow                    10.4.0          py312h287a98d_0    conda-forge
pip                       24.0               pyhd8ed1ab_0    conda-forge
pixman                    0.43.2               h59595ed_0    conda-forge
ply                       3.11               pyhd8ed1ab_2    conda-forge
pthread-stubs             0.4               h36c2ea0_1001    conda-forge
pulseaudio-client         17.0                 hb77b528_0    conda-forge
pyparsing                 3.1.2              pyhd8ed1ab_0    conda-forge
pyqt                      5.15.9          py312h949fe66_5    conda-forge
pyqt5-sip                 12.12.2         py312h30efb56_5    conda-forge
python                    3.12.4          h194c7f8_0_cpython    conda-forge
python-dateutil           2.9.0              pyhd8ed1ab_0    conda-forge
python_abi                3.12                    4_cp312    conda-forge
qhull                     2020.2               h434a139_5    conda-forge
qt-main                   5.15.8              h320f8da_24    conda-forge
readline                  8.2                  h8228510_1    conda-forge
setuptools                70.1.1             pyhd8ed1ab_0    conda-forge
sip                       6.7.12          py312h30efb56_0    conda-forge
six                       1.16.0             pyh6c4a22f_0    conda-forge
tk                        8.6.13          noxft_h4845f30_101    conda-forge
toml                      0.10.2             pyhd8ed1ab_0    conda-forge
tomli                     2.0.1              pyhd8ed1ab_0    conda-forge
tornado                   6.4.1           py312h9a8786e_0    conda-forge
tzdata                    2024a                h0c530f3_0    conda-forge
wheel                     0.43.0             pyhd8ed1ab_1    conda-forge
xcb-util                  0.4.1                hb711507_2    conda-forge
xcb-util-image            0.4.0                hb711507_2    conda-forge
xcb-util-keysyms          0.4.1                hb711507_0    conda-forge
xcb-util-renderutil       0.3.10               hb711507_0    conda-forge
xcb-util-wm               0.4.2                hb711507_0    conda-forge
xkeyboard-config          2.42                 h4ab18f5_0    conda-forge
xorg-kbproto              1.0.7             h7f98852_1002    conda-forge
xorg-libice               1.1.1                hd590300_0    conda-forge
xorg-libsm                1.2.4                h7391055_0    conda-forge
xorg-libx11               1.8.9                hb711507_1    conda-forge
xorg-libxau               1.0.11               hd590300_0    conda-forge
xorg-libxdmcp             1.1.3                h7f98852_0    conda-forge
xorg-libxext              1.3.4                h0b41bf4_2    conda-forge
xorg-libxrender           0.9.11               hd590300_0    conda-forge
xorg-renderproto          0.11.1            h7f98852_1002    conda-forge
xorg-xextproto            7.3.0             h0b41bf4_1003    conda-forge
xorg-xf86vidmodeproto     2.3.1             h7f98852_1002    conda-forge
xorg-xproto               7.0.31            h7f98852_1007    conda-forge
xz                        5.2.6                h166bdaf_0    conda-forge
zlib                      1.3.1                h4ab18f5_1    conda-forge
zstd                      1.5.6                ha6fb4c9_0    conda-forge
	Command being timed: "/projects/bgmp/wesg/bioinfo/Bi623/QAA/mean_qual.py -i 27_4C_mbnl_S19_L008_R1_001.fastq.gz -o /projects/bgmp/wesg/bioinfo/Bi623/QAA/fqcout_raw/27_R1_myplot.png"
	User time (seconds): 89.15
	System time (seconds): 0.14
	Percent of CPU this job got: 92%
	Elapsed (wall clock) time (h:mm:ss or m:ss): 1:36.44
	Average shared text size (kbytes): 0
	Average unshared data size (kbytes): 0
	Average stack size (kbytes): 0
	Average total size (kbytes): 0
	Maximum resident set size (kbytes): 65688
	Average resident set size (kbytes): 0
	Major (requiring I/O) page faults: 0
	Minor (reclaiming a frame) page faults: 30396
	Voluntary context switches: 2598
	Involuntary context switches: 90
	Swaps: 0
	File system inputs: 0
	File system outputs: 0
	Socket messages sent: 0
	Socket messages received: 0
	Signals delivered: 0
	Page size (bytes): 4096
	Exit status: 0
	Command being timed: "/projects/bgmp/wesg/bioinfo/Bi623/QAA/mean_qual.py -i 27_4C_mbnl_S19_L008_R2_001.fastq.gz -o /projects/bgmp/wesg/bioinfo/Bi623/QAA/fqcout_raw/27_R2_myplot.png"
	User time (seconds): 89.36
	System time (seconds): 0.11
	Percent of CPU this job got: 99%
	Elapsed (wall clock) time (h:mm:ss or m:ss): 1:29.58
	Average shared text size (kbytes): 0
	Average unshared data size (kbytes): 0
	Average stack size (kbytes): 0
	Average total size (kbytes): 0
	Maximum resident set size (kbytes): 65612
	Average resident set size (kbytes): 0
	Major (requiring I/O) page faults: 0
	Minor (reclaiming a frame) page faults: 30356
	Voluntary context switches: 544
	Involuntary context switches: 141
	Swaps: 0
	File system inputs: 0
	File system outputs: 0
	Socket messages sent: 0
	Socket messages received: 0
	Signals delivered: 0
	Page size (bytes): 4096
	Exit status: 0
	Command being timed: "/projects/bgmp/wesg/bioinfo/Bi623/QAA/mean_qual.py -i 32_4G_both_S23_L008_R1_001.fastq.gz -o /projects/bgmp/wesg/bioinfo/Bi623/QAA/fqcout_raw/32_R1_myplot.png"
	User time (seconds): 146.01
	System time (seconds): 0.11
	Percent of CPU this job got: 99%
	Elapsed (wall clock) time (h:mm:ss or m:ss): 2:26.40
	Average shared text size (kbytes): 0
	Average unshared data size (kbytes): 0
	Average stack size (kbytes): 0
	Average total size (kbytes): 0
	Maximum resident set size (kbytes): 63568
	Average resident set size (kbytes): 0
	Major (requiring I/O) page faults: 0
	Minor (reclaiming a frame) page faults: 30111
	Voluntary context switches: 521
	Involuntary context switches: 116
	Swaps: 0
	File system inputs: 0
	File system outputs: 0
	Socket messages sent: 0
	Socket messages received: 0
	Signals delivered: 0
	Page size (bytes): 4096
	Exit status: 0
	Command being timed: "/projects/bgmp/wesg/bioinfo/Bi623/QAA/mean_qual.py -i 32_4G_both_S23_L008_R2_001.fastq.gz -o /projects/bgmp/wesg/bioinfo/Bi623/QAA/fqcout_raw/32_R2_myplot.png"
	User time (seconds): 146.35
	System time (seconds): 0.12
	Percent of CPU this job got: 99%
	Elapsed (wall clock) time (h:mm:ss or m:ss): 2:26.72
	Average shared text size (kbytes): 0
	Average unshared data size (kbytes): 0
	Average stack size (kbytes): 0
	Average total size (kbytes): 0
	Maximum resident set size (kbytes): 65540
	Average resident set size (kbytes): 0
	Major (requiring I/O) page faults: 0
	Minor (reclaiming a frame) page faults: 34812
	Voluntary context switches: 523
	Involuntary context switches: 119
	Swaps: 0
	File system inputs: 0
	File system outputs: 0
	Socket messages sent: 0
	Socket messages received: 0
	Signals delivered: 0
	Page size (bytes): 4096
	Exit status: 0
